#
# A fatal error has been detected by the Java Runtime Environment:
#
#  Internal Error (classFileParser.cpp:3174), pid=2536, tid=5572
#  Error: ShouldNotReachHere()
#
# JRE version: 6.0_18-b02
# Java VM: Java HotSpot(TM) Client VM (16.0-b09 mixed mode windows-x86 )
# If you would like to submit a bug report, please visit:
#   http://java.sun.com/webapps/bugreport/crash.jsp
#

---------------  T H R E A D  ---------------

Current thread (0x00846c00):  JavaThread "Unknown thread" [_thread_in_vm, id=5572, stack(0x008e0000,0x00930000)]

Stack: [0x008e0000,0x00930000],  sp=0x0092f8ac,  free space=13e0092f8bck
Native frames: (J=compiled Java code, j=interpreted, Vv=VM code, C=native code)
V  [jvm.dll+0x1f4ab0]
V  [jvm.dll+0xa2389]
V  [jvm.dll+0x748c7]
V  [jvm.dll+0x75f64]
V  [jvm.dll+0x1c2e85]
V  [jvm.dll+0x1c35bd]
V  [jvm.dll+0x1c3975]
V  [jvm.dll+0x1c39bb]
V  [jvm.dll+0x1c3ae2]
V  [jvm.dll+0x1c3b5a]
V  [jvm.dll+0x1c400d]
V  [jvm.dll+0x1c4412]
V  [jvm.dll+0x1e4943]
V  [jvm.dll+0x1e4cec]
V  [jvm.dll+0xd8e71]
V  [jvm.dll+0x1de558]
V  [jvm.dll+0x103670]
C  [javaw.exe+0x1657]
C  [javaw.exe+0x1e2c]
C  [javaw.exe+0x833e]
C  [kernel32.dll+0xb729]


---------------  P R O C E S S  ---------------

Java Threads: ( => current thread )

Other Threads:

=>0x00846c00 (exited) JavaThread "Unknown thread" [_thread_in_vm, id=5572, stack(0x008e0000,0x00930000)]

VM state:not at safepoint (not fully initialized)

VM Mutex/Monitor currently owned by a thread: None

Dynamic libraries:
0x00400000 - 0x00424000 	J:\dev_soft\Java\jdk1.6.0_18\bin\javaw.exe
0x7c920000 - 0x7c9b6000 	C:\WINDOWS\system32\ntdll.dll
0x7c800000 - 0x7c91e000 	C:\WINDOWS\system32\kernel32.dll
0x77da0000 - 0x77e49000 	C:\WINDOWS\system32\ADVAPI32.dll
0x77e50000 - 0x77ee3000 	C:\WINDOWS\system32\RPCRT4.dll
0x77fc0000 - 0x77fd1000 	C:\WINDOWS\system32\Secur32.dll
0x77d10000 - 0x77da0000 	C:\WINDOWS\system32\USER32.dll
0x77ef0000 - 0x77f39000 	C:\WINDOWS\system32\GDI32.dll
0x76300000 - 0x7631d000 	C:\WINDOWS\system32\IMM32.DLL
0x62c20000 - 0x62c29000 	C:\WINDOWS\system32\LPK.DLL
0x73fa0000 - 0x7400b000 	C:\WINDOWS\system32\USP10.dll
0x7c340000 - 0x7c396000 	J:\dev_soft\Java\jdk1.6.0_18\jre\bin\msvcr71.dll
0x6d8b0000 - 0x6db48000 	J:\dev_soft\Java\jdk1.6.0_18\jre\bin\client\jvm.dll
0x76b10000 - 0x76b3a000 	C:\WINDOWS\system32\WINMM.dll
0x6d860000 - 0x6d86c000 	J:\dev_soft\Java\jdk1.6.0_18\jre\bin\verify.dll
0x6d3e0000 - 0x6d3ff000 	J:\dev_soft\Java\jdk1.6.0_18\jre\bin\java.dll
0x6d340000 - 0x6d348000 	J:\dev_soft\Java\jdk1.6.0_18\jre\bin\hpi.dll
0x76bc0000 - 0x76bcb000 	C:\WINDOWS\system32\PSAPI.DLL
0x6d8a0000 - 0x6d8af000 	J:\dev_soft\Java\jdk1.6.0_18\jre\bin\zip.dll

VM Arguments:
jvm_args: -Dfile.encoding=GBK -Xbootclasspath:J:\dev_soft\Android\android-sdk\platforms\android-7\android.jar 
java_command: com.zyj.qiqile.tools.CityList
Launcher Type: SUN_STANDARD

Environment Variables:
JAVA_HOME=J:\dev_soft\Java\jdk1.6.0_18
CLASSPATH=.;C:\Program Files\QuickTime\QTSystem\QTJava.zip;J:\dev_soft\Java\jdk1.6.0_18\lib\tools.jar; J:\dev_soft\Java\jdk1.6.0_18\lib\rt.jar
PATH=J:/dev_soft/Java/jdk1.6.0_18/bin/../jre/bin/client;J:/dev_soft/Java/jdk1.6.0_18/bin/../jre/bin;J:/dev_soft/Java/jdk1.6.0_18/bin/../jre/lib/i386;C:\Program Files\PC Connectivity Solution\;C:\WINDOWS\system32;C:\WINDOWS;C:\WINDOWS\System32\Wbem;C:\Program Files\QuickTime\QTSystem\;J:\dev_soft\Java\jdk1.6.0_18\bin;J:\dev_soft\svn\bin;J:\dev_soft\maven\apache-maven-2.2.1\bin;C:\Program Files\Microsoft SQL Server\80\Tools\BINN;F:\Program Files\Rational\common;J:\dev_soft\subversion\bin;J:\dev_soft\eclipse-android\eclipse;
USERNAME=Administrator
OS=Windows_NT
PROCESSOR_IDENTIFIER=x86 Family 17 Model 3 Stepping 1, AuthenticAMD



---------------  S Y S T E M  ---------------

OS: Windows XP Build 2600 Service Pack 3

CPU:total 2 (2 cores per cpu, 1 threads per core) family 17 model 3 stepping 1, cmov, cx8, fxsr, mmx, sse, sse2, sse3, mmxext, 3dnow, 3dnowext

Memory: 4k page, physical 1833320k(622316k free), swap 3514924k(1687104k free)

vm_info: Java HotSpot(TM) Client VM (16.0-b09) for windows-x86 JRE (1.6.0_18-ea-b02), built on Sep  9 2009 01:06:37 by "java_re" with MS VC++ 7.1 (VS2003)

time: Sat May 05 23:44:31 2012
elapsed time: 1 seconds

